<?xml version="1.0" encoding="UTF-8"?>
<testsuites name="Test1" time="42" tests="1" failures="0" errors="0">
   <testsuite name="Test1" tests="1" failures="0" errors="0" time="42" timestamp="2019-02-14 10:14:06" hostname="Promantus Inc - G10PROLT021" id="Test Suites/Test1">
      <properties>
         <property name="deviceName" value=""/>
         <property name="devicePlatform" value=""/>
         <property name="logFolder" value="C:\\Users\\Promantus Inc\\Katalon Studio\\TrainingSession\\Reports\\Test1\\20190214_101358"/>
         <property name="logFiles" value="C:\\Users\\Promantus Inc\\Katalon Studio\\TrainingSession\\Reports\\Test1\\20190214_101358\\execution0.log"/>
         <property name="attachments" value=""/>
         <property name="hostName" value="Promantus Inc - G10PROLT021"/>
         <property name="os" value="Windows 10 64bit"/>
         <property name="katalonVersion" value="5.10.1.1"/>
         <property name="browser" value="Chrome 71.0.3578.98"/>
         <property name="hostAddress" value="192.168.1.12"/>
         <property name="sessionId" value="d7755f313e0278c3794944efb43333fa"/>
         <property name="seleniumVersion" value="3.7.1"/>
         <property name="proxyInformation" value="ProxyInformation{proxyOption=NO_PROXY, proxyServerType=HTTP, password=, proxyServerAddress=, proxyServerPort=0}"/>
         <property name="platform" value="Windows 10"/>
      </properties>
      <testcase name="Test Cases/TC_Test1" classname="Test Cases/TC_Test1" status="PASSED">
         <system-out><![CDATA[2019-02-14 10:14:07 - [TEST_CASE][PASSED] - Test Cases/TC_Test1: Test Cases/TC_Test1

2019-02-14 10:14:07 - [TEST_STEP][PASSED] - runWithCucumberRunner(common.CucumberEARunner): Run with 'common.CucumberEARunner' was passed

2019-02-14 10:14:09 - [MESSAGE][INFO] - Starting 'Chrome' driver

2019-02-14 10:14:09 - [MESSAGE][INFO] - Action delay is set to 0 seconds

2019-02-14 10:14:16 - [MESSAGE][PASSED] - Browser is opened with url: ''

2019-02-14 10:14:24 - [MESSAGE][PASSED] - Navigate to 'http://164.164.39.5:5002/' successfully

2019-02-14 10:14:25 - [MESSAGE][PASSED] - Text 'Promantus' is set on object 'Object Repository/trainingSession_Login/input_UserName_UserName'

2019-02-14 10:14:25 - [MESSAGE][PASSED] - Text 'bdd' is set on object 'Object Repository/trainingSession_Login/input_Password_Password'

2019-02-14 10:14:30 - [MESSAGE][PASSED] - Object: 'Object Repository/trainingSession_Login/input_Password_btn btn-default' is clicked on

2019-02-14 10:14:30 - [MESSAGE][PASSED] - Text 'PayBill' is present on page 

2019-02-14 10:14:33 - [MESSAGE][PASSED] - Delayed 3 second(s)

2019-02-14 10:14:34 - [MESSAGE][PASSED] - Browser is closed

2019-02-14 10:14:34 - [MESSAGE][INFO] - Starting 'Chrome' driver

2019-02-14 10:14:36 - [MESSAGE][PASSED] - Browser is opened with url: ''

2019-02-14 10:14:41 - [MESSAGE][PASSED] - Navigate to 'https://opensource-demo.orangehrmlive.com/' successfully

2019-02-14 10:14:41 - [MESSAGE][PASSED] - Text 'admin' is set on object 'Object Repository/OragneHRM/Page_OrangeHRM/input_LOGIN Panel_txtUsername'

2019-02-14 10:14:41 - [MESSAGE][PASSED] - Text 'admin123' is set on object 'Object Repository/OragneHRM/Page_OrangeHRM/input_Username_txtPassword'

2019-02-14 10:14:43 - [MESSAGE][PASSED] - Object: 'Object Repository/OragneHRM/Page_OrangeHRM/input_Password_Submit' is clicked on

2019-02-14 10:14:48 - [MESSAGE][PASSED] - Image: 'C:\Users\Promantus Inc\Katalon Studio\TrainingSession\../../Desktop/logo.png' is present

2019-02-14 10:14:48 - [MESSAGE][PASSED] - Browser is closed

2019-02-14 10:14:49 - [MESSAGE][PASSED] - Run with 'common.CucumberEARunner' was passed]]></system-out>
         <system-err><![CDATA[]]></system-err>
      </testcase>
      <system-out><![CDATA[2019-02-14 10:14:06 - [TEST_SUITE][PASSED] - Test1: Test Cases/TC_Test1]]></system-out>
      <system-err><![CDATA[]]></system-err>
   </testsuite>
</testsuites>
