<?xml version="1.0" encoding="UTF-8"?>
<testsuites name="Test1" time="12" tests="1" failures="0" errors="0">
   <testsuite name="Test1" tests="1" failures="0" errors="0" time="12" timestamp="2019-02-04 20:14:24" hostname="Promantus Inc - G10PROLT021" id="Test Suites/Test1">
      <properties>
         <property name="deviceName" value=""/>
         <property name="devicePlatform" value=""/>
         <property name="logFolder" value="C:\\Users\\Promantus Inc\\Katalon Studio\\TrainingSession\\Reports\\Test1\\20190204_201420"/>
         <property name="logFiles" value="C:\\Users\\Promantus Inc\\Katalon Studio\\TrainingSession\\Reports\\Test1\\20190204_201420\\execution0.log"/>
         <property name="attachments" value=""/>
         <property name="hostName" value="Promantus Inc - G10PROLT021"/>
         <property name="os" value="Windows 10 64bit"/>
         <property name="katalonVersion" value="5.10.1.1"/>
         <property name="browser" value="Chrome 71.0.3578.98"/>
         <property name="hostAddress" value="192.168.0.102"/>
         <property name="sessionId" value="070e1235f3debd1efd6992c7b2111f91"/>
         <property name="seleniumVersion" value="3.7.1"/>
         <property name="proxyInformation" value="ProxyInformation{proxyOption=NO_PROXY, proxyServerType=HTTP, password=, proxyServerAddress=, proxyServerPort=0}"/>
         <property name="platform" value="Windows 10"/>
      </properties>
      <testcase name="Test Cases/TC_Test1" classname="Test Cases/TC_Test1" status="PASSED">
         <system-out><![CDATA[2019-02-04 20:14:24 - [TEST_CASE][PASSED] - Test Cases/TC_Test1: Test Cases/TC_Test1

2019-02-04 20:14:25 - [TEST_STEP][PASSED] - runWithCucumberRunner(common.CucumberEARunner): Run with 'common.CucumberEARunner' was passed

2019-02-04 20:14:26 - [MESSAGE][INFO] - Starting 'Chrome' driver

2019-02-04 20:14:26 - [MESSAGE][INFO] - Action delay is set to 0 seconds

2019-02-04 20:14:31 - [MESSAGE][PASSED] - Browser is opened with url: ''

2019-02-04 20:14:33 - [MESSAGE][PASSED] - Navigate to 'http://localhost:60497' successfully

2019-02-04 20:14:33 - [MESSAGE][PASSED] - Text 'Promantus' is set on object 'Object Repository/trainingSession_Login/input_UserName_UserName'

2019-02-04 20:14:34 - [MESSAGE][PASSED] - Text 'bdd' is set on object 'Object Repository/trainingSession_Login/input_Password_Password'

2019-02-04 20:14:34 - [MESSAGE][PASSED] - Object: 'Object Repository/trainingSession_Login/input_Password_btn btn-default' is clicked on

2019-02-04 20:14:34 - [MESSAGE][PASSED] - Text 'PayBill' is present on page 

2019-02-04 20:14:34 - [MESSAGE][PASSED] - Run with 'common.CucumberEARunner' was passed]]></system-out>
         <system-err><![CDATA[]]></system-err>
      </testcase>
      <system-out><![CDATA[2019-02-04 20:14:24 - [TEST_SUITE][PASSED] - Test1: Test Cases/TC_Test1]]></system-out>
      <system-err><![CDATA[]]></system-err>
   </testsuite>
</testsuites>
