<?xml version="1.0" encoding="UTF-8"?>
<testsuites name="Test1" time="0" tests="0" failures="0" errors="0">
   <testsuite name="Test1" tests="0" failures="0" errors="0" time="0" timestamp="2019-02-04 20:04:50" hostname="Promantus Inc - G10PROLT021" id="Test Suites/Test1">
      <properties>
         <property name="deviceName" value=""/>
         <property name="devicePlatform" value=""/>
         <property name="logFolder" value="C:\\Users\\Promantus Inc\\Katalon Studio\\TrainingSession\\Reports\\Test1\\20190204_200445"/>
         <property name="logFiles" value="C:\\Users\\Promantus Inc\\Katalon Studio\\TrainingSession\\Reports\\Test1\\20190204_200445\\execution0.log"/>
         <property name="attachments" value=""/>
         <property name="hostName" value="Promantus Inc - G10PROLT021"/>
         <property name="hostAddress" value="192.168.0.102"/>
         <property name="os" value="Windows 10 64bit"/>
         <property name="katalonVersion" value="5.10.1.1"/>
      </properties>
      <system-out><![CDATA[2019-02-04 20:04:50 - [TEST_SUITE][PASSED] - Test1: null]]></system-out>
      <system-err><![CDATA[]]></system-err>
   </testsuite>
</testsuites>
