<?xml version="1.0" encoding="UTF-8"?>
<testsuites name="Test1" time="2" tests="1" failures="0" errors="0">
   <testsuite name="Test1" tests="1" failures="0" errors="0" time="2" timestamp="2019-02-04 21:04:14" hostname="Promantus Inc - G10PROLT021" id="Test Suites/Test1">
      <properties>
         <property name="deviceName" value=""/>
         <property name="devicePlatform" value=""/>
         <property name="logFolder" value="C:\\Users\\Promantus Inc\\Katalon Studio\\TrainingSession\\Reports\\Test1\\20190204_210412"/>
         <property name="logFiles" value="C:\\Users\\Promantus Inc\\Katalon Studio\\TrainingSession\\Reports\\Test1\\20190204_210412\\execution0.log"/>
         <property name="attachments" value=""/>
         <property name="hostName" value="Promantus Inc - G10PROLT021"/>
         <property name="hostAddress" value="192.168.0.102"/>
         <property name="os" value="Windows 10 64bit"/>
         <property name="katalonVersion" value="5.10.1.1"/>
      </properties>
      <testcase name="Test Cases/TC_Test1" classname="Test Cases/TC_Test1" status="PASSED">
         <system-out><![CDATA[2019-02-04 21:04:14 - [TEST_CASE][PASSED] - Test Cases/TC_Test1: Test Cases/TC_Test1

2019-02-04 21:04:15 - [TEST_STEP][PASSED] - runWithCucumberRunner(common.CucumberEARunner): Run with 'common.CucumberEARunner' was passed

2019-02-04 21:04:17 - [MESSAGE][PASSED] - Run with 'common.CucumberEARunner' was passed]]></system-out>
         <system-err><![CDATA[]]></system-err>
      </testcase>
      <system-out><![CDATA[2019-02-04 21:04:14 - [TEST_SUITE][PASSED] - Test1: Test Cases/TC_Test1]]></system-out>
      <system-err><![CDATA[]]></system-err>
   </testsuite>
</testsuites>
