<?xml version="1.0" encoding="UTF-8"?>
<testsuites name="Test1" time="30" tests="1" failures="0" errors="0">
   <testsuite name="Test1" tests="1" failures="0" errors="0" time="30" timestamp="2019-02-05 20:38:56" hostname="Promantus Inc - G10PROLT021" id="Test Suites/Test1">
      <properties>
         <property name="deviceName" value=""/>
         <property name="devicePlatform" value=""/>
         <property name="logFolder" value="C:\\Users\\Promantus Inc\\Katalon Studio\\TrainingSession\\Reports\\Test1\\20190205_203852"/>
         <property name="logFiles" value="C:\\Users\\Promantus Inc\\Katalon Studio\\TrainingSession\\Reports\\Test1\\20190205_203852\\execution0.log"/>
         <property name="attachments" value=""/>
         <property name="hostName" value="Promantus Inc - G10PROLT021"/>
         <property name="os" value="Windows 10 64bit"/>
         <property name="katalonVersion" value="5.10.1.1"/>
         <property name="browser" value="Chrome 71.0.3578.98"/>
         <property name="hostAddress" value="192.168.0.102"/>
         <property name="sessionId" value="e9945246d430e169eb4f5675d33de97a"/>
         <property name="seleniumVersion" value="3.7.1"/>
         <property name="proxyInformation" value="ProxyInformation{proxyOption=NO_PROXY, proxyServerType=HTTP, password=, proxyServerAddress=, proxyServerPort=0}"/>
         <property name="platform" value="Windows 10"/>
      </properties>
      <testcase name="Test Cases/TC_Test1" classname="Test Cases/TC_Test1" status="PASSED">
         <system-out><![CDATA[2019-02-05 20:38:57 - [TEST_CASE][PASSED] - Test Cases/TC_Test1: Test Cases/TC_Test1

2019-02-05 20:38:58 - [TEST_STEP][PASSED] - runWithCucumberRunner(common.CucumberEARunner): Run with 'common.CucumberEARunner' was passed

2019-02-05 20:39:01 - [MESSAGE][INFO] - Starting 'Chrome' driver

2019-02-05 20:39:02 - [MESSAGE][INFO] - Action delay is set to 0 seconds

2019-02-05 20:39:07 - [MESSAGE][PASSED] - Browser is opened with url: ''

2019-02-05 20:39:09 - [MESSAGE][PASSED] - Navigate to 'http://localhost:60497' successfully

2019-02-05 20:39:09 - [MESSAGE][PASSED] - Text 'Promantus' is set on object 'Object Repository/trainingSession_Login/input_UserName_UserName'

2019-02-05 20:39:09 - [MESSAGE][PASSED] - Text 'bdd' is set on object 'Object Repository/trainingSession_Login/input_Password_Password'

2019-02-05 20:39:10 - [MESSAGE][PASSED] - Object: 'Object Repository/trainingSession_Login/input_Password_btn btn-default' is clicked on

2019-02-05 20:39:10 - [MESSAGE][PASSED] - Text 'PayBill' is present on page 

2019-02-05 20:39:13 - [MESSAGE][PASSED] - Delayed 3 second(s)

2019-02-05 20:39:14 - [MESSAGE][PASSED] - Browser is closed

2019-02-05 20:39:14 - [MESSAGE][INFO] - Starting 'Chrome' driver

2019-02-05 20:39:17 - [MESSAGE][PASSED] - Browser is opened with url: ''

2019-02-05 20:39:22 - [MESSAGE][PASSED] - Navigate to 'https://opensource-demo.orangehrmlive.com/' successfully

2019-02-05 20:39:22 - [MESSAGE][PASSED] - Text 'admin' is set on object 'Object Repository/OragneHRM/Page_OrangeHRM/input_LOGIN Panel_txtUsername'

2019-02-05 20:39:22 - [MESSAGE][PASSED] - Text 'admin123' is set on object 'Object Repository/OragneHRM/Page_OrangeHRM/input_Username_txtPassword'

2019-02-05 20:39:24 - [MESSAGE][PASSED] - Object: 'Object Repository/OragneHRM/Page_OrangeHRM/input_Password_Submit' is clicked on

2019-02-05 20:39:26 - [MESSAGE][PASSED] - Image: 'C:\Users\Promantus Inc\Katalon Studio\TrainingSession\../../Desktop/logo.png' is present

2019-02-05 20:39:27 - [MESSAGE][PASSED] - Browser is closed

2019-02-05 20:39:27 - [MESSAGE][PASSED] - Run with 'common.CucumberEARunner' was passed]]></system-out>
         <system-err><![CDATA[]]></system-err>
      </testcase>
      <system-out><![CDATA[2019-02-05 20:38:56 - [TEST_SUITE][PASSED] - Test1: Test Cases/TC_Test1]]></system-out>
      <system-err><![CDATA[]]></system-err>
   </testsuite>
</testsuites>
